  RayTracingOneWeedend.cpp
E:\software\VC\Tools\MSVC\14.28.29333\include\xmemory(228,1): error C2248: “dielectric::dielectric”: 无法访问 private 成员(在“dielectric”类中声明)
E:\GameDevelopment\GameLearn\RayTracingoneweekend\RayTracingOneWeedend\material.h(61): message : 参见“dielectric::dielectric”的声明
E:\GameDevelopment\GameLearn\RayTracingoneweekend\RayTracingOneWeedend\material.h(60): message : 参见“dielectric”的声明
E:\software\VC\Tools\MSVC\14.28.29333\include\memory(1563): message : 查看对正在编译的函数 模板 实例化“void std::_Construct_in_place<_Ty,double>(_Ty &,double &&) noexcept(false)”的引用
          with
          [
              _Ty=dielectric
          ]
E:\software\VC\Tools\MSVC\14.28.29333\include\memory(2207): message : 查看对正在编译的函数 模板 实例化“std::_Ref_count_obj2<_Ty>::_Ref_count_obj2<double>(double &&)”的引用
          with
          [
              _Ty=dielectric
          ]
E:\software\VC\Tools\MSVC\14.28.29333\include\memory(2208): message : 查看对正在编译的函数 模板 实例化“std::_Ref_count_obj2<_Ty>::_Ref_count_obj2<double>(double &&)”的引用
          with
          [
              _Ty=dielectric
          ]
E:\GameDevelopment\GameLearn\RayTracingoneweekend\RayTracingOneWeedend\RayTracingOneWeedend.cpp(112): message : 查看对正在编译的函数 模板 实例化“std::shared_ptr<dielectric> std::make_shared<dielectric,double>(double &&)”的引用
E:\software\VC\Tools\MSVC\14.28.29333\include\xmemory(230,12): error C2664: “metal::metal(const metal &)”: 无法将参数 1 从“_Ty”转换为“const metal &”
          with
          [
              _Ty=color
          ]
E:\software\VC\Tools\MSVC\14.28.29333\include\xmemory(228,1): message : 原因如下: 无法从“_Ty”转换为“const metal”
          with
          [
              _Ty=color
          ]
E:\software\VC\Tools\MSVC\14.28.29333\include\xmemory(230,33): message : 没有可用于执行该转换的用户定义的转换运算符，或者无法调用该运算符
E:\GameDevelopment\GameLearn\RayTracingoneweekend\RayTracingOneWeedend\material.h(57,1): message : 参见“metal::metal”的声明
E:\software\VC\Tools\MSVC\14.28.29333\include\memory(1563): message : 查看对正在编译的函数 模板 实例化“void std::_Construct_in_place<_Ty,vec3>(_Ty &,vec3 &&) noexcept(false)”的引用
          with
          [
              _Ty=metal
          ]
E:\software\VC\Tools\MSVC\14.28.29333\include\memory(2207): message : 查看对正在编译的函数 模板 实例化“std::_Ref_count_obj2<_Ty>::_Ref_count_obj2<vec3>(vec3 &&)”的引用
          with
          [
              _Ty=metal
          ]
E:\software\VC\Tools\MSVC\14.28.29333\include\memory(2208): message : 查看对正在编译的函数 模板 实例化“std::_Ref_count_obj2<_Ty>::_Ref_count_obj2<vec3>(vec3 &&)”的引用
          with
          [
              _Ty=metal
          ]
E:\GameDevelopment\GameLearn\RayTracingoneweekend\RayTracingOneWeedend\RayTracingOneWeedend.cpp(113): message : 查看对正在编译的函数 模板 实例化“std::shared_ptr<metal> std::make_shared<metal,color>(color &&)”的引用
